<?xml version="1.0" encoding="UTF-8"?>
<testng-results ignored="0" total="1" passed="1" failed="0" skipped="0">
  <reporter-output>
    <line>
      <![CDATA[Navigating to https://www.eightcontinents.co.uk/]]>
    </line>
    <line>
      <![CDATA[Checking the question text here if it matches then entering the name]]>
    </line>
    <line>
      <![CDATA[Clicking on send icon]]>
    </line>
    <line>
      <![CDATA[Checking the next question text here if it matches then closing the bot]]>
    </line>
  </reporter-output>
  <suite started-at="2024-04-04T10:41:10 IST" name="Default suite" finished-at="2024-04-04T10:41:33 IST" duration-ms="22724">
    <groups>
    </groups>
    <test started-at="2024-04-04T10:41:10 IST" name="Default test" finished-at="2024-04-04T10:41:33 IST" duration-ms="22724">
      <class name="eightcontinents.Eight_Continents">
        <test-method signature="eightcontinent()[pri:0, instance:eightcontinents.Eight_Continents@26d9b808]" started-at="2024-04-04T10:41:10 IST" name="eightcontinent" finished-at="2024-04-04T10:41:33 IST" duration-ms="22668" status="PASS">
          <reporter-output>
            <line>
              <![CDATA[Navigating to https://www.eightcontinents.co.uk/]]>
            </line>
            <line>
              <![CDATA[Checking the question text here if it matches then entering the name]]>
            </line>
            <line>
              <![CDATA[Clicking on send icon]]>
            </line>
            <line>
              <![CDATA[Checking the next question text here if it matches then closing the bot]]>
            </line>
          </reporter-output>
        </test-method> <!-- eightcontinent -->
      </class> <!-- eightcontinents.Eight_Continents -->
    </test> <!-- Default test -->
  </suite> <!-- Default suite -->
</testng-results>
