<?xml version="1.0" encoding="UTF-8"?>
<testng-results ignored="0" total="1" passed="1" failed="0" skipped="0">
  <reporter-output>
    <line>
      <![CDATA[Navigating to https://www.forwardparcel.com/ 
]]>
    </line>
    <line>
      <![CDATA[Checking the question text here and if it matches entering the name 
]]>
    </line>
    <line>
      <![CDATA[Clicking on send icon 
]]>
    </line>
    <line>
      <![CDATA[Checking the next question text here if it matches closing the bot]]>
    </line>
  </reporter-output>
  <suite started-at="2024-04-04T10:48:18 IST" name="Default suite" finished-at="2024-04-04T10:49:09 IST" duration-ms="51024">
    <groups>
    </groups>
    <test started-at="2024-04-04T10:48:18 IST" name="Default test" finished-at="2024-04-04T10:49:09 IST" duration-ms="51024">
      <class name="forwardparcelweb.Forward_Parcel_Web">
        <test-method signature="forwardparcel()[pri:0, instance:forwardparcelweb.Forward_Parcel_Web@26d9b808]" started-at="2024-04-04T10:48:18 IST" name="forwardparcel" finished-at="2024-04-04T10:49:09 IST" duration-ms="50964" status="PASS">
          <reporter-output>
            <line>
              <![CDATA[Navigating to https://www.forwardparcel.com/ 
]]>
            </line>
            <line>
              <![CDATA[Checking the question text here and if it matches entering the name 
]]>
            </line>
            <line>
              <![CDATA[Clicking on send icon 
]]>
            </line>
            <line>
              <![CDATA[Checking the next question text here if it matches closing the bot]]>
            </line>
          </reporter-output>
        </test-method> <!-- forwardparcel -->
      </class> <!-- forwardparcelweb.Forward_Parcel_Web -->
    </test> <!-- Default test -->
  </suite> <!-- Default suite -->
</testng-results>
