<?xml version="1.0" encoding="UTF-8"?>
<testng-results ignored="0" total="1" passed="1" failed="0" skipped="0">
  <reporter-output>
    <line>
      <![CDATA[Navigating to https://www.mmcivf.com/ 
]]>
    </line>
    <line>
      <![CDATA[Checking the question text here if it matches clicing on 'Yes' button 
]]>
    </line>
    <line>
      <![CDATA[Entering the name 
]]>
    </line>
    <line>
      <![CDATA[clicking on send icon]]>
    </line>
    <line>
      <![CDATA[Checking the next question text here if it matches closing the bot 
]]>
    </line>
  </reporter-output>
  <suite started-at="2024-04-04T10:54:12 IST" name="Default suite" finished-at="2024-04-04T10:54:51 IST" duration-ms="39204">
    <groups>
    </groups>
    <test started-at="2024-04-04T10:54:12 IST" name="Default test" finished-at="2024-04-04T10:54:51 IST" duration-ms="39204">
      <class name="mmcivf.Mmc_Ivf">
        <test-method signature="mmcivf()[pri:0, instance:mmcivf.Mmc_Ivf@51e69659]" started-at="2024-04-04T10:54:12 IST" name="mmcivf" finished-at="2024-04-04T10:54:51 IST" duration-ms="39170" status="PASS">
          <reporter-output>
            <line>
              <![CDATA[Navigating to https://www.mmcivf.com/ 
]]>
            </line>
            <line>
              <![CDATA[Checking the question text here if it matches clicing on 'Yes' button 
]]>
            </line>
            <line>
              <![CDATA[Entering the name 
]]>
            </line>
            <line>
              <![CDATA[clicking on send icon]]>
            </line>
            <line>
              <![CDATA[Checking the next question text here if it matches closing the bot 
]]>
            </line>
          </reporter-output>
        </test-method> <!-- mmcivf -->
      </class> <!-- mmcivf.Mmc_Ivf -->
    </test> <!-- Default test -->
  </suite> <!-- Default suite -->
</testng-results>
