<?xml version="1.0" encoding="UTF-8"?>
<testng-results ignored="0" total="1" passed="1" failed="0" skipped="0">
  <reporter-output>
    <line>
      <![CDATA[Navigating to https://www.oakridge.in/]]>
    </line>
    <line>
      <![CDATA[Checking the question text here if it matches then clicking on the 'New Parent option]]>
    </line>
    <line>
      <![CDATA[Checking the next question text here if it matches then closing the bot]]>
    </line>
  </reporter-output>
  <suite started-at="2024-04-04T10:56:56 IST" name="Default suite" finished-at="2024-04-04T10:57:23 IST" duration-ms="27675">
    <groups>
    </groups>
    <test started-at="2024-04-04T10:56:56 IST" name="Default test" finished-at="2024-04-04T10:57:23 IST" duration-ms="27675">
      <class name="oakridge.Oak_Ridge">
        <test-method signature="oakridge()[pri:0, instance:oakridge.Oak_Ridge@26d9b808]" started-at="2024-04-04T10:56:56 IST" name="oakridge" finished-at="2024-04-04T10:57:23 IST" duration-ms="27612" status="PASS">
          <reporter-output>
            <line>
              <![CDATA[Navigating to https://www.oakridge.in/]]>
            </line>
            <line>
              <![CDATA[Checking the question text here if it matches then clicking on the 'New Parent option]]>
            </line>
            <line>
              <![CDATA[Checking the next question text here if it matches then closing the bot]]>
            </line>
          </reporter-output>
        </test-method> <!-- oakridge -->
      </class> <!-- oakridge.Oak_Ridge -->
    </test> <!-- Default test -->
  </suite> <!-- Default suite -->
</testng-results>
