<?xml version="1.0" encoding="UTF-8"?>
<testng-results ignored="0" total="1" passed="1" failed="0" skipped="0">
  <reporter-output>
    <line>
      <![CDATA[Navigating to https://ducatindia.com/]]>
    </line>
    <line>
      <![CDATA[Checking the question text here if it matches entering the name]]>
    </line>
    <line>
      <![CDATA[Clicking on send icon]]>
    </line>
    <line>
      <![CDATA[Checking the next question text here if it matches then closing the bot]]>
    </line>
  </reporter-output>
  <suite started-at="2024-04-04T10:40:12 IST" name="Default suite" finished-at="2024-04-04T10:40:43 IST" duration-ms="31205">
    <groups>
    </groups>
    <test started-at="2024-04-04T10:40:12 IST" name="Default test" finished-at="2024-04-04T10:40:43 IST" duration-ms="31205">
      <class name="ducatindia.Ducat_India">
        <test-method signature="ducat()[pri:0, instance:ducatindia.Ducat_India@26d9b808]" started-at="2024-04-04T10:40:12 IST" name="ducat" finished-at="2024-04-04T10:40:43 IST" duration-ms="31156" status="PASS">
          <reporter-output>
            <line>
              <![CDATA[Navigating to https://ducatindia.com/]]>
            </line>
            <line>
              <![CDATA[Checking the question text here if it matches entering the name]]>
            </line>
            <line>
              <![CDATA[Clicking on send icon]]>
            </line>
            <line>
              <![CDATA[Checking the next question text here if it matches then closing the bot]]>
            </line>
          </reporter-output>
        </test-method> <!-- ducat -->
      </class> <!-- ducatindia.Ducat_India -->
    </test> <!-- Default test -->
  </suite> <!-- Default suite -->
</testng-results>
