<?xml version="1.0" encoding="UTF-8"?>
<testng-results ignored="0" total="1" passed="1" failed="0" skipped="0">
  <reporter-output>
    <line>
      <![CDATA[Navigating to https://www.soschildrensvillages.in]]>
    </line>
    <line>
      <![CDATA[Checking if the question text is 'May I know your name?']]>
    </line>
    <line>
      <![CDATA[Typing the name in the input field]]>
    </line>
    <line>
      <![CDATA[Now clicking on Send icon ]]>
    </line>
    <line>
      <![CDATA[Checking if the last button text is 'Other' if it matches closing the bot]]>
    </line>
  </reporter-output>
  <suite started-at="2024-04-04T11:00:46 IST" name="Default suite" finished-at="2024-04-04T11:01:15 IST" duration-ms="29642">
    <groups>
    </groups>
    <test started-at="2024-04-04T11:00:46 IST" name="Default test" finished-at="2024-04-04T11:01:15 IST" duration-ms="29642">
      <class name="soschildrenvillage.Sos_Children">
        <test-method signature="soschildren1()[pri:0, instance:soschildrenvillage.Sos_Children@54c5a2ff]" started-at="2024-04-04T11:00:46 IST" name="soschildren1" finished-at="2024-04-04T11:01:15 IST" duration-ms="29568" status="PASS">
          <reporter-output>
            <line>
              <![CDATA[Navigating to https://www.soschildrensvillages.in]]>
            </line>
            <line>
              <![CDATA[Checking if the question text is 'May I know your name?']]>
            </line>
            <line>
              <![CDATA[Typing the name in the input field]]>
            </line>
            <line>
              <![CDATA[Now clicking on Send icon ]]>
            </line>
            <line>
              <![CDATA[Checking if the last button text is 'Other' if it matches closing the bot]]>
            </line>
          </reporter-output>
        </test-method> <!-- soschildren1 -->
      </class> <!-- soschildrenvillage.Sos_Children -->
    </test> <!-- Default test -->
  </suite> <!-- Default suite -->
</testng-results>
