<?xml version="1.0" encoding="UTF-8"?>
<testng-results ignored="0" total="1" passed="1" failed="0" skipped="0">
  <reporter-output>
    <line>
      <![CDATA[Navigating to https://hearingsolutions.in/]]>
    </line>
    <line>
      <![CDATA[Checking the questing text here if it matches clicking on 'hearing test' button]]>
    </line>
    <line>
      <![CDATA[Entering the name here]]>
    </line>
    <line>
      <![CDATA[Clicking on send icon]]>
    </line>
    <line>
      <![CDATA[Checking the next question text here if it matches closing the bot]]>
    </line>
  </reporter-output>
  <suite started-at="2024-04-04T10:51:11 IST" name="Default suite" finished-at="2024-04-04T10:52:22 IST" duration-ms="71079">
    <groups>
    </groups>
    <test started-at="2024-04-04T10:51:11 IST" name="Default test" finished-at="2024-04-04T10:52:22 IST" duration-ms="71079">
      <class name="hearingsolution.Hearing_Solutions">
        <test-method signature="hearingsolutions()[pri:0, instance:hearingsolution.Hearing_Solutions@26d9b808]" started-at="2024-04-04T10:51:11 IST" name="hearingsolutions" finished-at="2024-04-04T10:52:22 IST" duration-ms="71022" status="PASS">
          <reporter-output>
            <line>
              <![CDATA[Navigating to https://hearingsolutions.in/]]>
            </line>
            <line>
              <![CDATA[Checking the questing text here if it matches clicking on 'hearing test' button]]>
            </line>
            <line>
              <![CDATA[Entering the name here]]>
            </line>
            <line>
              <![CDATA[Clicking on send icon]]>
            </line>
            <line>
              <![CDATA[Checking the next question text here if it matches closing the bot]]>
            </line>
          </reporter-output>
        </test-method> <!-- hearingsolutions -->
      </class> <!-- hearingsolution.Hearing_Solutions -->
    </test> <!-- Default test -->
  </suite> <!-- Default suite -->
</testng-results>
