<?xml version="1.0" encoding="UTF-8"?>
<testng-results ignored="0" total="1" passed="1" failed="0" skipped="0">
  <reporter-output>
    <line>
      <![CDATA[Logging into messemger account]]>
    </line>
    <line>
      <![CDATA[Searching for forward parcel messenger bot]]>
    </line>
    <line>
      <![CDATA[Checking the question text here if it matches then entring the name]]>
    </line>
    <line>
      <![CDATA[Checking the next question text here if it matches then closing the bot]]>
    </line>
  </reporter-output>
  <suite started-at="2024-04-04T10:49:50 IST" name="Default suite" finished-at="2024-04-04T10:50:37 IST" duration-ms="46532">
    <groups>
    </groups>
    <test started-at="2024-04-04T10:49:50 IST" name="Default test" finished-at="2024-04-04T10:50:37 IST" duration-ms="46532">
      <class name="forwardparcel.Forward_Parcel_Messenger">
        <test-method signature="messenger()[pri:0, instance:forwardparcel.Forward_Parcel_Messenger@6e6f2380]" started-at="2024-04-04T10:49:50 IST" name="messenger" finished-at="2024-04-04T10:50:37 IST" duration-ms="46478" status="PASS">
          <reporter-output>
            <line>
              <![CDATA[Logging into messemger account]]>
            </line>
            <line>
              <![CDATA[Searching for forward parcel messenger bot]]>
            </line>
            <line>
              <![CDATA[Checking the question text here if it matches then entring the name]]>
            </line>
            <line>
              <![CDATA[Checking the next question text here if it matches then closing the bot]]>
            </line>
          </reporter-output>
        </test-method> <!-- messenger -->
      </class> <!-- forwardparcel.Forward_Parcel_Messenger -->
    </test> <!-- Default test -->
  </suite> <!-- Default suite -->
</testng-results>
