<?xml version="1.0" encoding="UTF-8"?>
<testng-results ignored="0" total="1" passed="1" failed="0" skipped="0">
  <reporter-output>
    <line>
      <![CDATA[Navigating to https://confidentialcouture.com/

]]>
    </line>
    <line>
      <![CDATA[Checking the question text if it matches clicking on 'Buy' button]]>
    </line>
    <line>
      <![CDATA[Checking the question text of next question here if it matches closing the bot]]>
    </line>
  </reporter-output>
  <suite started-at="2024-04-04T10:39:17 IST" name="Default suite" finished-at="2024-04-04T10:39:45 IST" duration-ms="27859">
    <groups>
    </groups>
    <test started-at="2024-04-04T10:39:17 IST" name="Default test" finished-at="2024-04-04T10:39:45 IST" duration-ms="27859">
      <class name="confidentialcoutureweb.Confidential_Couture_Web">
        <test-method signature="confidential()[pri:0, instance:confidentialcoutureweb.Confidential_Couture_Web@26d9b808]" started-at="2024-04-04T10:39:17 IST" name="confidential" finished-at="2024-04-04T10:39:45 IST" duration-ms="27798" status="PASS">
          <reporter-output>
            <line>
              <![CDATA[Navigating to https://confidentialcouture.com/

]]>
            </line>
            <line>
              <![CDATA[Checking the question text if it matches clicking on 'Buy' button]]>
            </line>
            <line>
              <![CDATA[Checking the question text of next question here if it matches closing the bot]]>
            </line>
          </reporter-output>
        </test-method> <!-- confidential -->
      </class> <!-- confidentialcoutureweb.Confidential_Couture_Web -->
    </test> <!-- Default test -->
  </suite> <!-- Default suite -->
</testng-results>
