<?xml version="1.0" encoding="UTF-8"?>
<testng-results ignored="0" total="1" passed="1" failed="0" skipped="0">
  <reporter-output>
    <line>
      <![CDATA[Navigating to https://www.vinodrai.com/]]>
    </line>
    <line>
      <![CDATA[Checking the question text here if it matches, clicking on 'Yes' button]]>
    </line>
    <line>
      <![CDATA[Entering the name]]>
    </line>
    <line>
      <![CDATA[Clicking on Send icon]]>
    </line>
    <line>
      <![CDATA[Checking the question text here, if it matches closing the bot]]>
    </line>
  </reporter-output>
  <suite started-at="2024-04-04T11:03:21 IST" name="Default suite" finished-at="2024-04-04T11:03:55 IST" duration-ms="33846">
    <groups>
    </groups>
    <test started-at="2024-04-04T11:03:21 IST" name="Default test" finished-at="2024-04-04T11:03:55 IST" duration-ms="33846">
      <class name="vinodrai.VinodRai">
        <test-method signature="vinod_rai()[pri:0, instance:vinodrai.VinodRai@23c30a20]" started-at="2024-04-04T11:03:21 IST" name="vinod_rai" finished-at="2024-04-04T11:03:55 IST" duration-ms="33801" status="PASS">
          <reporter-output>
            <line>
              <![CDATA[Navigating to https://www.vinodrai.com/]]>
            </line>
            <line>
              <![CDATA[Checking the question text here if it matches, clicking on 'Yes' button]]>
            </line>
            <line>
              <![CDATA[Entering the name]]>
            </line>
            <line>
              <![CDATA[Clicking on Send icon]]>
            </line>
            <line>
              <![CDATA[Checking the question text here, if it matches closing the bot]]>
            </line>
          </reporter-output>
        </test-method> <!-- vinod_rai -->
      </class> <!-- vinodrai.VinodRai -->
    </test> <!-- Default test -->
  </suite> <!-- Default suite -->
</testng-results>
