<?xml version="1.0" encoding="UTF-8"?>
<testng-results ignored="0" total="1" passed="1" failed="0" skipped="0">
  <reporter-output>
    <line>
      <![CDATA[Navigating to https://www.modibuilders.com/]]>
    </line>
    <line>
      <![CDATA[Checking the question text here if it matches clicking on 'About Us' option]]>
    </line>
    <line>
      <![CDATA[Checking the next question text here if it matches then closing the bot]]>
    </line>
  </reporter-output>
  <suite started-at="2024-04-04T10:55:40 IST" name="Default suite" finished-at="2024-04-04T10:56:31 IST" duration-ms="50916">
    <groups>
    </groups>
    <test started-at="2024-04-04T10:55:40 IST" name="Default test" finished-at="2024-04-04T10:56:31 IST" duration-ms="50916">
      <class name="modibuilders.Modi_Builders">
        <test-method signature="modibuilders()[pri:0, instance:modibuilders.Modi_Builders@26d9b808]" started-at="2024-04-04T10:55:40 IST" name="modibuilders" finished-at="2024-04-04T10:56:31 IST" duration-ms="50871" status="PASS">
          <reporter-output>
            <line>
              <![CDATA[Navigating to https://www.modibuilders.com/]]>
            </line>
            <line>
              <![CDATA[Checking the question text here if it matches clicking on 'About Us' option]]>
            </line>
            <line>
              <![CDATA[Checking the next question text here if it matches then closing the bot]]>
            </line>
          </reporter-output>
        </test-method> <!-- modibuilders -->
      </class> <!-- modibuilders.Modi_Builders -->
    </test> <!-- Default test -->
  </suite> <!-- Default suite -->
</testng-results>
