<?xml version="1.0" encoding="UTF-8"?>
<testng-results ignored="0" total="1" passed="1" failed="0" skipped="0">
  <reporter-output>
    <line>
      <![CDATA[Navigating to https://propertyhandling.com/]]>
    </line>
    <line>
      <![CDATA[Checking the question text here if it matches entering the name]]>
    </line>
    <line>
      <![CDATA[Clicking on Send icon]]>
    </line>
    <line>
      <![CDATA[Checking the next question text here if it matches closing the bot]]>
    </line>
  </reporter-output>
  <suite started-at="2024-04-04T10:58:14 IST" name="Default suite" finished-at="2024-04-04T10:58:44 IST" duration-ms="29742">
    <groups>
    </groups>
    <test started-at="2024-04-04T10:58:14 IST" name="Default test" finished-at="2024-04-04T10:58:44 IST" duration-ms="29742">
      <class name="ppropertyhandling.Property_Handling">
        <test-method signature="property()[pri:0, instance:ppropertyhandling.Property_Handling@51e69659]" started-at="2024-04-04T10:58:14 IST" name="property" finished-at="2024-04-04T10:58:44 IST" duration-ms="29691" status="PASS">
          <reporter-output>
            <line>
              <![CDATA[Navigating to https://propertyhandling.com/]]>
            </line>
            <line>
              <![CDATA[Checking the question text here if it matches entering the name]]>
            </line>
            <line>
              <![CDATA[Clicking on Send icon]]>
            </line>
            <line>
              <![CDATA[Checking the next question text here if it matches closing the bot]]>
            </line>
          </reporter-output>
        </test-method> <!-- property -->
      </class> <!-- ppropertyhandling.Property_Handling -->
    </test> <!-- Default test -->
  </suite> <!-- Default suite -->
</testng-results>
