<?xml version="1.0" encoding="UTF-8"?>
<testng-results ignored="0" total="1" passed="1" failed="0" skipped="0">
  <reporter-output>
    <line>
      <![CDATA[Navigating to https://www.royalambassadorbh.com/]]>
    </line>
    <line>
      <![CDATA[Selecting the English Language from here]]>
    </line>
    <line>
      <![CDATA[Entering the name]]>
    </line>
    <line>
      <![CDATA[Entering the email]]>
    </line>
    <line>
      <![CDATA[Selecting the country India]]>
    </line>
    <line>
      <![CDATA[Entering the mobile number]]>
    </line>
    <line>
      <![CDATA[Clicking on submit button]]>
    </line>
    <line>
      <![CDATA[Checking the next question text here, it it matches closing the bot]]>
    </line>
  </reporter-output>
  <suite started-at="2024-04-04T10:59:19 IST" name="Default suite" finished-at="2024-04-04T10:59:52 IST" duration-ms="33349">
    <groups>
    </groups>
    <test started-at="2024-04-04T10:59:19 IST" name="Default test" finished-at="2024-04-04T10:59:52 IST" duration-ms="33349">
      <class name="royalambassador.Royal_Ambassador">
        <test-method signature="royalambassador()[pri:0, instance:royalambassador.Royal_Ambassador@26d9b808]" started-at="2024-04-04T10:59:19 IST" name="royalambassador" finished-at="2024-04-04T10:59:52 IST" duration-ms="33283" status="PASS">
          <reporter-output>
            <line>
              <![CDATA[Navigating to https://www.royalambassadorbh.com/]]>
            </line>
            <line>
              <![CDATA[Selecting the English Language from here]]>
            </line>
            <line>
              <![CDATA[Entering the name]]>
            </line>
            <line>
              <![CDATA[Entering the email]]>
            </line>
            <line>
              <![CDATA[Selecting the country India]]>
            </line>
            <line>
              <![CDATA[Entering the mobile number]]>
            </line>
            <line>
              <![CDATA[Clicking on submit button]]>
            </line>
            <line>
              <![CDATA[Checking the next question text here, it it matches closing the bot]]>
            </line>
          </reporter-output>
        </test-method> <!-- royalambassador -->
      </class> <!-- royalambassador.Royal_Ambassador -->
    </test> <!-- Default test -->
  </suite> <!-- Default suite -->
</testng-results>
